{
  "stats": {
    "suites": 1,
    "tests": 1,
    "passes": 0,
    "pending": 0,
    "failures": 1,
    "start": "2024-06-19T23:44:55.173Z",
    "end": "2024-06-19T23:44:58.212Z",
    "duration": 3039,
    "testsRegistered": 1,
    "passPercent": 0,
    "pendingPercent": 0,
    "other": 0,
    "hasOther": false,
    "skipped": 0,
    "hasSkipped": false
  },
  "results": [
    {
      "uuid": "a5e250e4-aae7-4e43-b04c-6ea4a331fa46",
      "title": "",
      "fullFile": "cypress\\e2e\\integration\\AttachFIle.cy.ts",
      "file": "cypress\\e2e\\integration\\AttachFIle.cy.ts",
      "beforeHooks": [],
      "afterHooks": [],
      "tests": [],
      "suites": [
        {
          "uuid": "adbe3156-969e-494b-af14-a6d40876e355",
          "title": "Upload and Process CSV File with SSE",
          "fullFile": "",
          "file": "",
          "beforeHooks": [],
          "afterHooks": [],
          "tests": [
            {
              "title": "should upload a CSV file successfully and listen for SSE",
              "fullTitle": "Upload and Process CSV File with SSE should upload a CSV file successfully and listen for SSE",
              "timedOut": null,
              "duration": 3014,
              "state": "failed",
              "speed": null,
              "pass": false,
              "fail": true,
              "pending": false,
              "context": null,
              "code": "const fileName = 'con_agua.csv';\ncy.get('input[type=\"file\"]').attachFile(fileName);\ncy.intercept('POST', 'http://localhost:3000/billing/upload/sse').as('fileUpload');\ncy.intercept('GET', '/events').as('sse');\ncy.get('.submit').click();",
              "err": {
                "message": "AxiosError: The following error originated from your application code, not from Cypress. It was caused by an unhandled promise rejection.\n\n  > Network Error\n\nWhen Cypress detects uncaught errors originating from your application it will automatically fail the current test.\n\nThis behavior is configurable, and you can choose to turn this off by listening to the `uncaught:exception` event.\n\nhttps://on.cypress.io/uncaught-exception-from-application",
                "estack": "AxiosError: The following error originated from your application code, not from Cypress. It was caused by an unhandled promise rejection.\n\n  > Network Error\n\nWhen Cypress detects uncaught errors originating from your application it will automatically fail the current test.\n\nThis behavior is configurable, and you can choose to turn this off by listening to the `uncaught:exception` event.\n\nhttps://on.cypress.io/uncaught-exception-from-application\n    at XMLHttpRequest.handleError (http://localhost:5173/projeto_integrador_tecsus_frontend/node_modules/.vite/deps/axios.js?v=61fdb17c:1581:14)\n    at Axios.request (http://localhost:5173/projeto_integrador_tecsus_frontend/node_modules/.vite/deps/axios.js?v=61fdb17c:2067:41)\n    at async Proxy.getNotifications (http://localhost:5173/projeto_integrador_tecsus_frontend/src/components/NumberNotifications.vue:35:24)",
                "diff": null
              },
              "uuid": "56429ef8-754e-4b70-8253-016b0e96e6a1",
              "parentUUID": "adbe3156-969e-494b-af14-a6d40876e355",
              "isHook": false,
              "skipped": false
            }
          ],
          "suites": [],
          "passes": [],
          "failures": [
            "56429ef8-754e-4b70-8253-016b0e96e6a1"
          ],
          "pending": [],
          "skipped": [],
          "duration": 3014,
          "root": false,
          "rootEmpty": false,
          "_timeout": 2000
        }
      ],
      "passes": [],
      "failures": [],
      "pending": [],
      "skipped": [],
      "duration": 0,
      "root": true,
      "rootEmpty": true,
      "_timeout": 2000
    }
  ],
  "meta": {
    "mocha": {
      "version": "7.0.1"
    },
    "mochawesome": {
      "options": {
        "quiet": false,
        "reportFilename": "mochawesome",
        "saveHtml": true,
        "saveJson": true,
        "consoleReporter": "spec",
        "useInlineDiffs": false,
        "code": true
      },
      "version": "7.1.3"
    },
    "marge": {
      "options": {
        "reportDir": "cypress/reports",
        "overwrite": true,
        "html": true,
        "json": true
      },
      "version": "6.2.0"
    }
  }
}