{
  "stats": {
    "suites": 1,
    "tests": 1,
    "passes": 1,
    "pending": 0,
    "failures": 0,
    "start": "2024-06-20T08:32:20.175Z",
    "end": "2024-06-20T08:32:22.367Z",
    "duration": 2192,
    "testsRegistered": 1,
    "passPercent": 100,
    "pendingPercent": 0,
    "other": 0,
    "hasOther": false,
    "skipped": 0,
    "hasSkipped": false
  },
  "results": [
    {
      "uuid": "43323f54-43f5-440d-8d81-d388c6d1d12e",
      "title": "",
      "fullFile": "cypress\\e2e\\integration\\AttachFIle.cy.ts",
      "file": "cypress\\e2e\\integration\\AttachFIle.cy.ts",
      "beforeHooks": [],
      "afterHooks": [],
      "tests": [],
      "suites": [
        {
          "uuid": "4129bc52-2a73-41e2-b29b-3b3594fc4ee6",
          "title": "Upload and Process CSV File with SSE",
          "fullFile": "",
          "file": "",
          "beforeHooks": [],
          "afterHooks": [],
          "tests": [
            {
              "title": "should upload a CSV file successfully and listen for SSE",
              "fullTitle": "Upload and Process CSV File with SSE should upload a CSV file successfully and listen for SSE",
              "timedOut": null,
              "duration": 2153,
              "state": "passed",
              "speed": "fast",
              "pass": true,
              "fail": false,
              "pending": false,
              "context": null,
              "code": "const fileName = 'con_agua.csv';\nconst baseUrl = await (0,_src_base_urls_baseUrlDynamic__WEBPACK_IMPORTED_MODULE_0__.getBaseUrl)();\ncy.get('.fa-solid fa-file-csv').click();\ncy.get('input[type=\"file\"]').attachFile(fileName);\ncy.intercept('POST', `${baseUrl}/billing/upload/sse`).as('fileUpload');\ncy.intercept('GET', '/events').as('sse');\ncy.get('.submit').click();\ncy.wait('@fileUpload').its('response.statusCode').should('be.oneOf', [200, 304]);\ncy.wait('@sse').its('response.statusCode').should('be.oneOf', [200, 304]);",
              "err": {},
              "uuid": "38387c4b-0344-4bc4-8699-6d93bd3af2b9",
              "parentUUID": "4129bc52-2a73-41e2-b29b-3b3594fc4ee6",
              "isHook": false,
              "skipped": false
            }
          ],
          "suites": [],
          "passes": [
            "38387c4b-0344-4bc4-8699-6d93bd3af2b9"
          ],
          "failures": [],
          "pending": [],
          "skipped": [],
          "duration": 2153,
          "root": false,
          "rootEmpty": false,
          "_timeout": 2000
        }
      ],
      "passes": [],
      "failures": [],
      "pending": [],
      "skipped": [],
      "duration": 0,
      "root": true,
      "rootEmpty": true,
      "_timeout": 2000
    }
  ],
  "meta": {
    "mocha": {
      "version": "7.0.1"
    },
    "mochawesome": {
      "options": {
        "quiet": false,
        "reportFilename": "mochawesome",
        "saveHtml": true,
        "saveJson": true,
        "consoleReporter": "spec",
        "useInlineDiffs": false,
        "code": true
      },
      "version": "7.1.3"
    },
    "marge": {
      "options": {
        "reportDir": "cypress/reports",
        "overwrite": true,
        "html": true,
        "json": true
      },
      "version": "6.2.0"
    }
  }
}